Arguments: 
  C:\Program Files\nodejs\node.exe C:\Users\mlab\AppData\Roaming\npm\node_modules\yarn\bin\yarn.js install

PATH: 
  C:\Python310\Scripts\;C:\Python310\;C:\WINDOWS\system32;C:\WINDOWS;C:\WINDOWS\System32\Wbem;C:\WINDOWS\System32\WindowsPowerShell\v1.0\;C:\WINDOWS\System32\OpenSSH\;C:\Program Files\nodejs\;C:\ProgramData\chocolatey\bin;C:\Program Files\Git\cmd;C:\Users\mlab\AppData\Local\Microsoft\WindowsApps;;C:\Users\mlab\AppData\Local\Programs\Microsoft VS Code\bin;C:\Users\mlab\AppData\Roaming\npm

Yarn version: 
  1.22.19

Node version: 
  16.15.0

Platform: 
  win32 x64

Trace: 
  Error: https://registry.yarnpkg.com/core-js/-/core-js-2.6.12.tgz: ESOCKETTIMEDOUT
      at ClientRequest.<anonymous> (C:\Users\mlab\AppData\Roaming\npm\node_modules\yarn\lib\cli.js:141517:19)
      at Object.onceWrapper (node:events:641:28)
      at ClientRequest.emit (node:events:527:28)
      at TLSSocket.emitRequestTimeout (node:_http_client:771:9)
      at Object.onceWrapper (node:events:641:28)
      at TLSSocket.emit (node:events:539:35)
      at TLSSocket.Socket._onTimeout (node:net:516:8)
      at listOnTimeout (node:internal/timers:559:17)
      at processTimers (node:internal/timers:502:7)

npm manifest: 
  {
    "main": "node_modules/expo/AppEntry.js",
    "scripts": {
      "start": "expo start",
      "android": "expo start --android",
      "ios": "expo start --ios",
      "web": "expo start --web",
      "eject": "expo eject"
    },
    "dependencies": {
      "@react-native-community/async-storage": "^1.12.1",
      "@tensorflow-models/blazeface": "0.0.5",
      "@tensorflow-models/mobilenet": "^2.0.4",
      "@tensorflow/tfjs": "^2.6.0",
      "@tensorflow/tfjs-react-native": "^0.4.0",
      "expo": "~39.0.2",
      "expo-camera": "^9.0.0",
      "expo-gl": "~9.1.1",
      "expo-gl-cpp": "~9.1.2",
      "expo-status-bar": "~1.0.2",
      "jpeg-js": "^0.4.2",
      "react": "16.13.1",
      "react-dom": "16.13.1",
      "react-native": "https://github.com/expo/react-native/archive/sdk-39.0.4.tar.gz",
      "react-native-elements": "^3.0.0-alpha.1",
      "react-native-fs": "^2.16.6",
      "react-native-svg": "^12.1.0",
      "react-native-web": "~0.13.12"
    },
    "devDependencies": {
      "@babel/core": "~7.9.0",
      "@expo/webpack-config": "^0.17.0"
    },
    "private": true
  }

yarn manifest: 
  No manifest

Lockfile: 
  No lockfile
